<?xml version="1.0" encoding="UTF-8"?>
<!-- Generated by org.testng.reporters.JUnitReportReporter -->
<testsuite skipped="0" hostname="dineshkila" name="com.amazon.testcases.HomePageTest" tests="1" failures="0" timestamp="03 Apr 2023 10:56:57 GMT" time="18.982" errors="0">
  <testcase name="verifyHellowAddress" time="18.982" classname="com.amazon.testcases.HomePageTest"/>
</testsuite> <!-- com.amazon.testcases.HomePageTest -->
