<?xml version="1.0" encoding="UTF-8"?>
<!-- Generated by org.testng.reporters.JUnitReportReporter -->
<testsuite skipped="0" hostname="dineshkila" name="com.amazon.testcases.HomePageTest" tests="1" failures="0" timestamp="17 Mar 2023 09:33:46 GMT" time="13.125" errors="0">
  <testcase name="verifyHellowAddress" time="13.125" classname="com.amazon.testcases.HomePageTest"/>
</testsuite> <!-- com.amazon.testcases.HomePageTest -->
