<?xml version="1.0" encoding="UTF-8"?>
<!-- Generated by org.testng.reporters.JUnitReportReporter -->
<testsuite skipped="0" hostname="dineshkila" name="com.amazon.testcases.IndexPageTest" tests="2" failures="0" timestamp="17 Mar 2023 09:33:46 GMT" time="12.911" errors="0">
  <testcase name="getTitle" time="6.205" classname="com.amazon.testcases.IndexPageTest"/>
  <testcase name="verifyLogo" time="6.706" classname="com.amazon.testcases.IndexPageTest"/>
</testsuite> <!-- com.amazon.testcases.IndexPageTest -->
